<?xml version="1.0" encoding="UTF-8"?>
<!-- Generated by org.testng.reporters.JUnitReportReporter -->
<testsuite hostname="LAPTOP-S7B86LPS" failures="0" tests="1" name="testCases.TC_001_AccountRegistrationTest" time="3.980" errors="0" timestamp="2024-04-07T21:31:16 IST" skipped="0">
  <testcase classname="testCases.TC_001_AccountRegistrationTest" name="test_account_Registration" time="3.980"/>
</testsuite> <!-- testCases.TC_001_AccountRegistrationTest -->
